2022-06-16 12:48:49.315+0530 [INFO]     Loggers reconfigured
2022-06-16 12:48:49.321+0530 [INFO]     Reconfiguring providers
2022-06-16 12:48:49.323+0530 [INFO]     Setting up strategy for provider p2-oidc
2022-06-16 12:48:49.323+0530 [DEBUG]    Provider data is
{
    "id": "p2-oidc",
    "displayName": "p2-oidc",
    "type": "openid-client",
    "mapping": "openid-client",
    "passportStrategyId": "openid-client",
    "enabled": true,
    "callbackUrl": "https: //gluu.mali.org/passport/auth/p2-oidc/callback",
    "requestForEmail": false,
    "emailLinkingSafe": false,
    "options": {
        "client_id": "xxxxxxxxxx-xxxxxxxx-xxxxxxx",
        "client_secret": "xxxxxxxxxxxxxxxxxxx",
        "scope": [
            "openid",
            "email",
            "profile"
        ],
        "issuer": "https: //p2.gluu.org",
        "token_endpoint_auth_method": "client_secret_post",
        "redirect_uris": [
            "https://gluu.mali.org/passport/auth/p2-oidc/callback"
        ]
    },
    "passportAuthnParams": {
        "scope": "openid email profile"
    },
    "verifyCallbackArity": 3
}
2022-06-16 12:48:49.323+0530 [INFO]     Loading node strategy module openid-client
2022-06-16 12:48:49.323+0530 [VERBOSE]  Adding to list of known strategies
2022-06-16 12:48:49.325+0530 [INFO]     Setting up strategy for provider google
2022-06-16 12:48:49.326+0530 [DEBUG]    Provider data is
{
    "id": "google",
    "displayName": "google",
    "type": "oauth",
    "mapping": "google",
    "passportStrategyId": "passport-google-oauth2",
    "enabled": true,
    "callbackUrl": "https://gluu.mali.org/passport/auth/google/callback",
    "requestForEmail": false,
    "emailLinkingSafe": false,
    "options": {
        "clientID": "248309610635-ijule410k1b34805a91uo64vnp70okhs.apps.googleusercontent.com",
        "clientSecret": "Fuzb79Qr11k5Ki1u3BsdJCg8",
        "callbackURL": "https://gluu.mali.org/passport/auth/google/callback",
        "consumerKey": "248309610635-ijule410k1b34805a91uo64vnp70okhs.apps.googleusercontent.com",
        "consumerSecret": "Fuzb79Qr11k5Ki1u3BsdJCg8",
        "state": true
    },
    "passportAuthnParams": {
        "scope": [
            "https://www.googleapis.com/auth/userinfo.profile",
            "https://www.googleapis.com/auth/userinfo.email"
        ]
    },
    "verifyCallbackArity": 4
}
2022-06-16 12:48:49.326+0530 [INFO]     Loading node strategy module passport-google-oauth2
2022-06-16 12:48:49.334+0530 [VERBOSE]  Adding to list of known strategies
2022-06-16 12:48:49.337+0530 [INFO]     Server listening on https://gluu.mali.org:8090
2022-06-16 12:48:49.337+0530 [DEBUG]    only valid absolute URLs can be requested
2022-06-16 12:48:49.338+0530 [DEBUG]    Failed to fetch config from https: //p2.gluu.org/.well-known/openid-configuration OpenID Connect Discovery endpoint, Going for manual setup
2022-06-16 12:48:49.339+0530 [DEBUG]    openid-client config: {"grant_types":["authorization_code"],"id_token_signed_response_alg":"RS256","authorization_signed_response_alg":"RS256","response_types":["code"],"token_endpoint_auth_method":"client_secret_post","client_id":"xxxxxxxxxx-xxxxxxxx-xxxxxxx","client_secret":"xxxxxxxxxxxxxxxxxxx","scope":["openid","email","profile"],"redirect_uris":["https://gluu.mali.org/passport/auth/p2-oidc/callback"]}
2022-06-16 14:45:01.881+0530 [VERBOSE]  Issuing token
2022-06-16 14:45:01.902+0530 [INFO]     192.168.0.101 - GET /passport/token HTTP/1.1 200 201 - 31.449 ms
2022-06-16 14:49:42.830+0530 [INFO]     ::ffff:192.168.0.101 - GET /token HTTP/1.1 404 144 - 2.243 ms
2022-06-16 14:49:48.072+0530 [INFO]     ::ffff:192.168.0.101 - GET / HTTP/1.1 404 139 - 0.527 ms
2022-06-16 14:50:12.442+0530 [INFO]     Loggers reconfigured
2022-06-16 14:50:12.446+0530 [ERROR]    uncaughtException: Cannot find module '/etc/passport.json'
Require stack:
- /home/kd/Documents/node/gluu-passport/server/app.js
Error: Cannot find module '/etc/passport.json'
Require stack:
- /home/kd/Documents/node/gluu-passport/server/app.js
    at Function.Module._resolveFilename (internal/modules/cjs/loader.js:610:15)
    at Function.Module._load (internal/modules/cjs/loader.js:526:27)
    at Module.require (internal/modules/cjs/loader.js:666:19)
    at require (internal/modules/cjs/helpers.js:16:16)
    at init (/home/kd/Documents/node/gluu-passport/server/app.js:19:27)
    at Object.<anonymous> (/home/kd/Documents/node/gluu-passport/server/app.js:32:1)
    at Module._compile (internal/modules/cjs/loader.js:759:30)
    at Object.Module._extensions..js (internal/modules/cjs/loader.js:770:10)
    at Module.load (internal/modules/cjs/loader.js:628:32)
    at Function.Module._load (internal/modules/cjs/loader.js:555:12)
    at Function.Module.runMain (internal/modules/cjs/loader.js:826:10)
    at internal/main/run_main_module.js:17:11
2022-06-16 14:50:32.371+0530 [INFO]     Loggers reconfigured
2022-06-16 14:50:32.374+0530 [ERROR]    uncaughtException: Cannot find module '/etc/passport.json'
Require stack:
- /home/kd/Documents/node/gluu-passport/server/app.js
Error: Cannot find module '/etc/passport.json'
Require stack:
- /home/kd/Documents/node/gluu-passport/server/app.js
    at Function.Module._resolveFilename (internal/modules/cjs/loader.js:610:15)
    at Function.Module._load (internal/modules/cjs/loader.js:526:27)
    at Module.require (internal/modules/cjs/loader.js:666:19)
    at require (internal/modules/cjs/helpers.js:16:16)
    at init (/home/kd/Documents/node/gluu-passport/server/app.js:19:27)
    at Object.<anonymous> (/home/kd/Documents/node/gluu-passport/server/app.js:32:1)
    at Module._compile (internal/modules/cjs/loader.js:759:30)
    at Object.Module._extensions..js (internal/modules/cjs/loader.js:770:10)
    at Module.load (internal/modules/cjs/loader.js:628:32)
    at Function.Module._load (internal/modules/cjs/loader.js:555:12)
    at Function.Module.runMain (internal/modules/cjs/loader.js:826:10)
    at internal/main/run_main_module.js:17:11
2022-06-16 14:51:29.742+0530 [INFO]     Loggers reconfigured
2022-06-16 14:51:29.747+0530 [INFO]     Reconfiguring providers
2022-06-16 14:51:29.752+0530 [INFO]     Setting up strategy for provider p2-oidc
2022-06-16 14:51:29.752+0530 [DEBUG]    Provider data is
{
    "id": "p2-oidc",
    "displayName": "p2-oidc",
    "type": "openid-client",
    "mapping": "openid-client",
    "passportStrategyId": "openid-client",
    "enabled": true,
    "callbackUrl": "https: //gluu.mali.org/passport/auth/p2-oidc/callback",
    "requestForEmail": false,
    "emailLinkingSafe": false,
    "options": {
        "client_id": "xxxxxxxxxx-xxxxxxxx-xxxxxxx",
        "client_secret": "xxxxxxxxxxxxxxxxxxx",
        "scope": [
            "openid",
            "email",
            "profile"
        ],
        "issuer": "https: //p2.gluu.org",
        "token_endpoint_auth_method": "client_secret_post",
        "redirect_uris": [
            "https://gluu.mali.org/passport/auth/p2-oidc/callback"
        ]
    },
    "passportAuthnParams": {
        "scope": "openid email profile"
    },
    "verifyCallbackArity": 3
}
2022-06-16 14:51:29.752+0530 [INFO]     Loading node strategy module openid-client
2022-06-16 14:51:29.752+0530 [VERBOSE]  Adding to list of known strategies
2022-06-16 14:51:29.755+0530 [INFO]     Setting up strategy for provider google
2022-06-16 14:51:29.755+0530 [DEBUG]    Provider data is
{
    "id": "google",
    "displayName": "google",
    "type": "oauth",
    "mapping": "google",
    "passportStrategyId": "passport-google-oauth2",
    "enabled": true,
    "callbackUrl": "https://gluu.mali.org/passport/auth/google/callback",
    "requestForEmail": false,
    "emailLinkingSafe": false,
    "options": {
        "clientID": "248309610635-ijule410k1b34805a91uo64vnp70okhs.apps.googleusercontent.com",
        "clientSecret": "Fuzb79Qr11k5Ki1u3BsdJCg8",
        "callbackURL": "https://gluu.mali.org/passport/auth/google/callback",
        "consumerKey": "248309610635-ijule410k1b34805a91uo64vnp70okhs.apps.googleusercontent.com",
        "consumerSecret": "Fuzb79Qr11k5Ki1u3BsdJCg8",
        "state": true
    },
    "passportAuthnParams": {
        "scope": [
            "https://www.googleapis.com/auth/userinfo.profile",
            "https://www.googleapis.com/auth/userinfo.email"
        ]
    },
    "verifyCallbackArity": 4
}
2022-06-16 14:51:29.755+0530 [INFO]     Loading node strategy module passport-google-oauth2
2022-06-16 14:51:29.771+0530 [VERBOSE]  Adding to list of known strategies
2022-06-16 14:51:29.774+0530 [INFO]     Server listening on https://gluu.mali.org:8090
2022-06-16 14:51:29.775+0530 [DEBUG]    only valid absolute URLs can be requested
2022-06-16 14:51:29.775+0530 [DEBUG]    Failed to fetch config from https: //p2.gluu.org/.well-known/openid-configuration OpenID Connect Discovery endpoint, Going for manual setup
2022-06-16 14:51:29.777+0530 [DEBUG]    openid-client config: {"grant_types":["authorization_code"],"id_token_signed_response_alg":"RS256","authorization_signed_response_alg":"RS256","response_types":["code"],"token_endpoint_auth_method":"client_secret_post","client_id":"xxxxxxxxxx-xxxxxxxx-xxxxxxx","client_secret":"xxxxxxxxxxxxxxxxxxx","scope":["openid","email","profile"],"redirect_uris":["https://gluu.mali.org/passport/auth/p2-oidc/callback"]}
2022-06-16 14:57:35.448+0530 [INFO]     ::1 - GET /token HTTP/1.1 404 144 - 5.548 ms
2022-06-16 14:57:56.055+0530 [VERBOSE]  Issuing token
2022-06-16 14:57:56.064+0530 [INFO]     ::1 - GET /passport/token HTTP/1.1 200 201 - 10.092 ms
2022-06-16 14:57:56.086+0530 [INFO]     ::1 - GET /favicon.ico HTTP/1.1 404 150 - 0.698 ms
2022-06-16 14:58:09.881+0530 [VERBOSE]  Issuing token
2022-06-16 14:58:09.882+0530 [INFO]     ::ffff:192.168.0.101 - GET /passport/token HTTP/1.1 200 201 - 1.362 ms
2022-06-16 14:58:09.917+0530 [INFO]     ::ffff:192.168.0.101 - GET /favicon.ico HTTP/1.1 404 150 - 1.693 ms
2022-06-16 14:58:33.976+0530 [VERBOSE]  Issuing token
2022-06-16 14:58:33.977+0530 [INFO]     ::ffff:192.168.0.101 - GET /passport/token HTTP/1.1 200 201 - 1.526 ms
2022-06-16 14:59:12.209+0530 [VERBOSE]  Issuing token
2022-06-16 14:59:12.210+0530 [INFO]     192.168.0.101 - GET /passport/token HTTP/1.1 200 201 - 1.666 ms
2022-06-16 14:59:19.811+0530 [INFO]     Loggers reconfigured
2022-06-16 14:59:19.815+0530 [INFO]     Reconfiguring providers
2022-06-16 14:59:19.819+0530 [INFO]     Setting up strategy for provider p2-oidc
2022-06-16 14:59:19.819+0530 [DEBUG]    Provider data is
{
    "id": "p2-oidc",
    "displayName": "p2-oidc",
    "type": "openid-client",
    "mapping": "openid-client",
    "passportStrategyId": "openid-client",
    "enabled": true,
    "callbackUrl": "https: //gluu.mali.org/passport/auth/p2-oidc/callback",
    "requestForEmail": false,
    "emailLinkingSafe": false,
    "options": {
        "client_id": "xxxxxxxxxx-xxxxxxxx-xxxxxxx",
        "client_secret": "xxxxxxxxxxxxxxxxxxx",
        "scope": [
            "openid",
            "email",
            "profile"
        ],
        "issuer": "https: //p2.gluu.org",
        "token_endpoint_auth_method": "client_secret_post",
        "redirect_uris": [
            "https://gluu.mali.org/passport/auth/p2-oidc/callback"
        ]
    },
    "passportAuthnParams": {
        "scope": "openid email profile"
    },
    "verifyCallbackArity": 3
}
2022-06-16 14:59:19.819+0530 [INFO]     Loading node strategy module openid-client
2022-06-16 14:59:19.819+0530 [VERBOSE]  Adding to list of known strategies
2022-06-16 14:59:19.822+0530 [INFO]     Setting up strategy for provider google
2022-06-16 14:59:19.822+0530 [DEBUG]    Provider data is
{
    "id": "google",
    "displayName": "google",
    "type": "oauth",
    "mapping": "google",
    "passportStrategyId": "passport-google-oauth2",
    "enabled": true,
    "callbackUrl": "https://gluu.mali.org/passport/auth/google/callback",
    "requestForEmail": false,
    "emailLinkingSafe": false,
    "options": {
        "clientID": "248309610635-ijule410k1b34805a91uo64vnp70okhs.apps.googleusercontent.com",
        "clientSecret": "Fuzb79Qr11k5Ki1u3BsdJCg8",
        "callbackURL": "https://gluu.mali.org/passport/auth/google/callback",
        "consumerKey": "248309610635-ijule410k1b34805a91uo64vnp70okhs.apps.googleusercontent.com",
        "consumerSecret": "Fuzb79Qr11k5Ki1u3BsdJCg8",
        "state": true
    },
    "passportAuthnParams": {
        "scope": [
            "https://www.googleapis.com/auth/userinfo.profile",
            "https://www.googleapis.com/auth/userinfo.email"
        ]
    },
    "verifyCallbackArity": 4
}
2022-06-16 14:59:19.822+0530 [INFO]     Loading node strategy module passport-google-oauth2
2022-06-16 14:59:19.831+0530 [VERBOSE]  Adding to list of known strategies
2022-06-16 14:59:19.834+0530 [INFO]     Server listening on https://gluu.mali.org:8090
2022-06-16 14:59:19.834+0530 [DEBUG]    only valid absolute URLs can be requested
2022-06-16 14:59:19.835+0530 [DEBUG]    Failed to fetch config from https: //p2.gluu.org/.well-known/openid-configuration OpenID Connect Discovery endpoint, Going for manual setup
2022-06-16 14:59:19.836+0530 [DEBUG]    openid-client config: {"grant_types":["authorization_code"],"id_token_signed_response_alg":"RS256","authorization_signed_response_alg":"RS256","response_types":["code"],"token_endpoint_auth_method":"client_secret_post","client_id":"xxxxxxxxxx-xxxxxxxx-xxxxxxx","client_secret":"xxxxxxxxxxxxxxxxxxx","scope":["openid","email","profile"],"redirect_uris":["https://gluu.mali.org/passport/auth/p2-oidc/callback"]}
2022-06-16 15:05:56.788+0530 [INFO]     Loggers reconfigured
2022-06-16 15:05:56.792+0530 [INFO]     Reconfiguring providers
2022-06-16 15:05:56.794+0530 [INFO]     Setting up strategy for provider p2-oidc
2022-06-16 15:05:56.795+0530 [DEBUG]    Provider data is
{
    "id": "p2-oidc",
    "displayName": "p2-oidc",
    "type": "openid-client",
    "mapping": "openid-client",
    "passportStrategyId": "openid-client",
    "enabled": true,
    "callbackUrl": "https: //gluu.mali.org/passport/auth/p2-oidc/callback",
    "requestForEmail": false,
    "emailLinkingSafe": false,
    "options": {
        "client_id": "xxxxxxxxxx-xxxxxxxx-xxxxxxx",
        "client_secret": "xxxxxxxxxxxxxxxxxxx",
        "scope": [
            "openid",
            "email",
            "profile"
        ],
        "issuer": "https: //p2.gluu.org",
        "token_endpoint_auth_method": "client_secret_post",
        "redirect_uris": [
            "https://gluu.mali.org/passport/auth/p2-oidc/callback"
        ]
    },
    "passportAuthnParams": {
        "scope": "openid email profile"
    },
    "verifyCallbackArity": 3
}
2022-06-16 15:05:56.795+0530 [INFO]     Loading node strategy module openid-client
2022-06-16 15:05:56.795+0530 [VERBOSE]  Adding to list of known strategies
2022-06-16 15:05:56.798+0530 [INFO]     Setting up strategy for provider google
2022-06-16 15:05:56.799+0530 [DEBUG]    Provider data is
{
    "id": "google",
    "displayName": "google",
    "type": "oauth",
    "mapping": "google",
    "passportStrategyId": "passport-google-oauth2",
    "enabled": true,
    "callbackUrl": "https://gluu.mali.org/passport/auth/google/callback",
    "requestForEmail": false,
    "emailLinkingSafe": false,
    "options": {
        "clientID": "248309610635-ijule410k1b34805a91uo64vnp70okhs.apps.googleusercontent.com",
        "clientSecret": "Fuzb79Qr11k5Ki1u3BsdJCg8",
        "callbackURL": "https://gluu.mali.org/passport/auth/google/callback",
        "consumerKey": "248309610635-ijule410k1b34805a91uo64vnp70okhs.apps.googleusercontent.com",
        "consumerSecret": "Fuzb79Qr11k5Ki1u3BsdJCg8",
        "state": true
    },
    "passportAuthnParams": {
        "scope": [
            "https://www.googleapis.com/auth/userinfo.profile",
            "https://www.googleapis.com/auth/userinfo.email"
        ]
    },
    "verifyCallbackArity": 4
}
2022-06-16 15:05:56.799+0530 [INFO]     Loading node strategy module passport-google-oauth2
2022-06-16 15:05:56.808+0530 [VERBOSE]  Adding to list of known strategies
2022-06-16 15:05:56.812+0530 [INFO]     Server listening on https://gluu.mali.org:8090
2022-06-16 15:05:56.812+0530 [DEBUG]    only valid absolute URLs can be requested
2022-06-16 15:05:56.812+0530 [DEBUG]    Failed to fetch config from https: //p2.gluu.org/.well-known/openid-configuration OpenID Connect Discovery endpoint, Going for manual setup
2022-06-16 15:05:56.814+0530 [DEBUG]    openid-client config: {"grant_types":["authorization_code"],"id_token_signed_response_alg":"RS256","authorization_signed_response_alg":"RS256","response_types":["code"],"token_endpoint_auth_method":"client_secret_post","client_id":"xxxxxxxxxx-xxxxxxxx-xxxxxxx","client_secret":"xxxxxxxxxxxxxxxxxxx","scope":["openid","email","profile"],"redirect_uris":["https://gluu.mali.org/passport/auth/p2-oidc/callback"]}
2022-06-16 15:05:59.941+0530 [VERBOSE]  Issuing token
2022-06-16 15:05:59.958+0530 [INFO]     192.168.0.101 - GET /passport/token HTTP/1.1 200 201 - 8.707 ms
2022-06-16 15:29:27.709+0530 [VERBOSE]  Issuing token
2022-06-16 15:29:27.724+0530 [INFO]     192.168.0.101 - GET /passport/token HTTP/1.1 200 201 - 11.520 ms
2022-06-16 15:29:27.795+0530 [VERBOSE]  Validating token
2022-06-16 15:29:27.798+0530 [VERBOSE]  Authenticating request against google
2022-06-16 15:29:27.807+0530 [INFO]     192.168.0.101 - GET /passport/auth/google/eyJhbGciOiJIUzI1NiIsInR5cCI6IkpXVCJ9.eyJqd3QiOiJhYWJkYjY2Mi02MzAzLTQwY2QtYTcwYi1hYTllZDIyNjUyMTYiLCJpYXQiOjE2NTUzNzM1NjcsImV4cCI6MTY1NTM3MzY4N30.OIKAbie28OVJfaTHBCF20BiretQtbDrqn8Ye0GzFbqY HTTP/1.1 302 0 - 22.143 ms
2022-06-16 15:29:31.447+0530 [VERBOSE]  Authenticating request against google
2022-06-16 15:29:31.975+0530 [DEBUG]    Raw profile is {"provider":"google","sub":"104460996025306056612","id":"104460996025306056612","displayName":"Kiran Mali","name":{"givenName":"Kiran","familyName":"Mali"},"given_name":"Kiran","family_name":"Mali","email_verified":true,"verified":true,"language":"en","email":"kdhttps@gmail.com","emails":[{"value":"kdhttps@gmail.com","type":"account"}],"photos":[{"value":"https://lh3.googleusercontent.com/a-/AOh14GjvQHa3BgVNjtUo1PS2VHfw34DGXuE4kglKR7ImJQ=s96-c","type":"default"}],"picture":"https://lh3.googleusercontent.com/a-/AOh14GjvQHa3BgVNjtUo1PS2VHfw34DGXuE4kglKR7ImJQ=s96-c","_raw":"{\n  \"sub\": \"104460996025306056612\",\n  \"name\": \"Kiran Mali\",\n  \"given_name\": \"Kiran\",\n  \"family_name\": \"Mali\",\n  \"picture\": \"https://lh3.googleusercontent.com/a-/AOh14GjvQHa3BgVNjtUo1PS2VHfw34DGXuE4kglKR7ImJQ\\u003ds96-c\",\n  \"email\": \"kdhttps@gmail.com\",\n  \"email_verified\": true,\n  \"locale\": \"en\"\n}","_json":{"sub":"104460996025306056612","name":"Kiran Mali","given_name":"Kiran","family_name":"Mali","picture":"https://lh3.googleusercontent.com/a-/AOh14GjvQHa3BgVNjtUo1PS2VHfw34DGXuE4kglKR7ImJQ=s96-c","email":"kdhttps@gmail.com","email_verified":true,"locale":"en"},"providerKey":"google"}
2022-06-16 15:29:31.976+0530 [INFO]     Applying mapping 'google' to profile
2022-06-16 15:29:31.979+0530 [DEBUG]    Resulting profile data is
{
    "uid": "104460996025306056612",
    "mail": "kdhttps@gmail.com",
    "cn": "Kiran Mali",
    "displayName": "Kiran Mali",
    "givenName": "Kiran",
    "sn": "Mali"
}
2022-06-16 15:29:31.979+0530 [INFO]     User 104460996025306056612 authenticated with provider google
2022-06-16 15:29:31.981+0530 [ERROR]    Error: TypeError: Cannot read property 'keyPath' of undefined
2022-06-16 15:29:31.982+0530 [ERROR]    TypeError: Cannot read property 'keyPath' of undefined
    at /home/kd/Documents/node/gluu-passport/server/utils/misc.js:39:38
    at /home/kd/Documents/node/gluu-passport/node_modules/ramda/src/once.js:40:17
    at /home/kd/Documents/node/gluu-passport/node_modules/ramda/src/internal/_arity.js:6:19
    at Object.getRpJWT (/home/kd/Documents/node/gluu-passport/server/utils/misc.js:69:47)
    at callbackResponse (/home/kd/Documents/node/gluu-passport/server/routes.js:174:20)
    at Layer.handle [as handle_request] (/home/kd/Documents/node/gluu-passport/node_modules/express/lib/router/layer.js:95:5)
    at next (/home/kd/Documents/node/gluu-passport/node_modules/express/lib/router/route.js:137:13)
    at complete (/home/kd/Documents/node/gluu-passport/node_modules/passport/lib/middleware/authenticate.js:268:13)
    at /home/kd/Documents/node/gluu-passport/node_modules/passport/lib/middleware/authenticate.js:275:15
    at pass (/home/kd/Documents/node/gluu-passport/node_modules/passport/lib/authenticator.js:431:14)
    at Authenticator.transformAuthInfo (/home/kd/Documents/node/gluu-passport/node_modules/passport/lib/authenticator.js:453:5)
    at /home/kd/Documents/node/gluu-passport/node_modules/passport/lib/middleware/authenticate.js:272:22
    at /home/kd/Documents/node/gluu-passport/node_modules/passport/lib/http/request.js:52:7
    at /home/kd/Documents/node/gluu-passport/node_modules/passport/lib/sessionmanager.js:26:5
    at pass (/home/kd/Documents/node/gluu-passport/node_modules/passport/lib/authenticator.js:277:43)
    at serialized (/home/kd/Documents/node/gluu-passport/node_modules/passport/lib/authenticator.js:286:7)
2022-06-16 15:29:31.987+0530 [INFO]     192.168.0.101 - GET /passport/auth/google/callback?state=jOqErHPOqQj2tva7IKFL0RBj&code=4%2F0AX4XfWhQujIvlNOTyfDUyDmXC1lipZ0mDifmrhCxR2fNK-U6Q_V-yfAotXfNqfBqqDlgeA&scope=email+profile+openid+https%3A%2F%2Fwww.googleapis.com%2Fauth%2Fuserinfo.email+https%3A%2F%2Fwww.googleapis.com%2Fauth%2Fuserinfo.profile&authuser=0&prompt=none HTTP/1.1 500 148 - 544.060 ms
2022-06-16 15:31:32.816+0530 [INFO]     Loggers reconfigured
2022-06-16 15:31:32.822+0530 [INFO]     Reconfiguring providers
2022-06-16 15:31:32.827+0530 [INFO]     Setting up strategy for provider p2-oidc
2022-06-16 15:31:32.827+0530 [DEBUG]    Provider data is
{
    "id": "p2-oidc",
    "displayName": "p2-oidc",
    "type": "openid-client",
    "mapping": "openid-client",
    "passportStrategyId": "openid-client",
    "enabled": true,
    "callbackUrl": "https: //gluu.mali.org/passport/auth/p2-oidc/callback",
    "requestForEmail": false,
    "emailLinkingSafe": false,
    "options": {
        "client_id": "xxxxxxxxxx-xxxxxxxx-xxxxxxx",
        "client_secret": "xxxxxxxxxxxxxxxxxxx",
        "scope": [
            "openid",
            "email",
            "profile"
        ],
        "issuer": "https: //p2.gluu.org",
        "token_endpoint_auth_method": "client_secret_post",
        "redirect_uris": [
            "https://gluu.mali.org/passport/auth/p2-oidc/callback"
        ]
    },
    "passportAuthnParams": {
        "scope": "openid email profile"
    },
    "verifyCallbackArity": 3
}
2022-06-16 15:31:32.827+0530 [INFO]     Loading node strategy module openid-client
2022-06-16 15:31:32.828+0530 [VERBOSE]  Adding to list of known strategies
2022-06-16 15:31:32.832+0530 [INFO]     Setting up strategy for provider google
2022-06-16 15:31:32.833+0530 [DEBUG]    Provider data is
{
    "id": "google",
    "displayName": "google",
    "type": "oauth",
    "mapping": "google",
    "passportStrategyId": "passport-google-oauth2",
    "enabled": true,
    "callbackUrl": "https://gluu.mali.org/passport/auth/google/callback",
    "requestForEmail": false,
    "emailLinkingSafe": false,
    "options": {
        "clientID": "248309610635-ijule410k1b34805a91uo64vnp70okhs.apps.googleusercontent.com",
        "clientSecret": "Fuzb79Qr11k5Ki1u3BsdJCg8",
        "callbackURL": "https://gluu.mali.org/passport/auth/google/callback",
        "consumerKey": "248309610635-ijule410k1b34805a91uo64vnp70okhs.apps.googleusercontent.com",
        "consumerSecret": "Fuzb79Qr11k5Ki1u3BsdJCg8",
        "state": true
    },
    "passportAuthnParams": {
        "scope": [
            "https://www.googleapis.com/auth/userinfo.profile",
            "https://www.googleapis.com/auth/userinfo.email"
        ]
    },
    "verifyCallbackArity": 4
}
2022-06-16 15:31:32.833+0530 [INFO]     Loading node strategy module passport-google-oauth2
2022-06-16 15:31:32.845+0530 [VERBOSE]  Adding to list of known strategies
2022-06-16 15:31:32.848+0530 [INFO]     Server listening on https://gluu.mali.org:8090
2022-06-16 15:31:32.849+0530 [DEBUG]    only valid absolute URLs can be requested
2022-06-16 15:31:32.849+0530 [DEBUG]    Failed to fetch config from https: //p2.gluu.org/.well-known/openid-configuration OpenID Connect Discovery endpoint, Going for manual setup
2022-06-16 15:31:32.851+0530 [DEBUG]    openid-client config: {"grant_types":["authorization_code"],"id_token_signed_response_alg":"RS256","authorization_signed_response_alg":"RS256","response_types":["code"],"token_endpoint_auth_method":"client_secret_post","client_id":"xxxxxxxxxx-xxxxxxxx-xxxxxxx","client_secret":"xxxxxxxxxxxxxxxxxxx","scope":["openid","email","profile"],"redirect_uris":["https://gluu.mali.org/passport/auth/p2-oidc/callback"]}
2022-06-16 15:31:46.199+0530 [VERBOSE]  Issuing token
2022-06-16 15:31:46.210+0530 [INFO]     192.168.0.101 - GET /passport/token HTTP/1.1 200 201 - 14.231 ms
2022-06-16 15:31:46.218+0530 [VERBOSE]  Validating token
2022-06-16 15:31:46.219+0530 [VERBOSE]  Authenticating request against google
2022-06-16 15:31:46.223+0530 [INFO]     192.168.0.101 - GET /passport/auth/google/eyJhbGciOiJIUzI1NiIsInR5cCI6IkpXVCJ9.eyJqd3QiOiJjZWViZTE5Mi0xNjgzLTQ2ZTAtYTI1Zi1mMDJhOTQzYTJkNGYiLCJpYXQiOjE2NTUzNzM3MDYsImV4cCI6MTY1NTM3MzgyNn0.zanztkx-V5gYpvLAy3kCxMfhJ0hR2EbvptMDJ3wfi6A HTTP/1.1 302 0 - 7.135 ms
2022-06-16 15:31:50.866+0530 [VERBOSE]  Authenticating request against google
2022-06-16 15:31:51.347+0530 [DEBUG]    Raw profile is {"provider":"google","sub":"104460996025306056612","id":"104460996025306056612","displayName":"Kiran Mali","name":{"givenName":"Kiran","familyName":"Mali"},"given_name":"Kiran","family_name":"Mali","email_verified":true,"verified":true,"language":"en","email":"kdhttps@gmail.com","emails":[{"value":"kdhttps@gmail.com","type":"account"}],"photos":[{"value":"https://lh3.googleusercontent.com/a-/AOh14GjvQHa3BgVNjtUo1PS2VHfw34DGXuE4kglKR7ImJQ=s96-c","type":"default"}],"picture":"https://lh3.googleusercontent.com/a-/AOh14GjvQHa3BgVNjtUo1PS2VHfw34DGXuE4kglKR7ImJQ=s96-c","_raw":"{\n  \"sub\": \"104460996025306056612\",\n  \"name\": \"Kiran Mali\",\n  \"given_name\": \"Kiran\",\n  \"family_name\": \"Mali\",\n  \"picture\": \"https://lh3.googleusercontent.com/a-/AOh14GjvQHa3BgVNjtUo1PS2VHfw34DGXuE4kglKR7ImJQ\\u003ds96-c\",\n  \"email\": \"kdhttps@gmail.com\",\n  \"email_verified\": true,\n  \"locale\": \"en\"\n}","_json":{"sub":"104460996025306056612","name":"Kiran Mali","given_name":"Kiran","family_name":"Mali","picture":"https://lh3.googleusercontent.com/a-/AOh14GjvQHa3BgVNjtUo1PS2VHfw34DGXuE4kglKR7ImJQ=s96-c","email":"kdhttps@gmail.com","email_verified":true,"locale":"en"},"providerKey":"google"}
2022-06-16 15:31:51.348+0530 [INFO]     Applying mapping 'google' to profile
2022-06-16 15:31:51.350+0530 [DEBUG]    Resulting profile data is
{
    "uid": "104460996025306056612",
    "mail": "kdhttps@gmail.com",
    "cn": "Kiran Mali",
    "displayName": "Kiran Mali",
    "givenName": "Kiran",
    "sn": "Mali"
}
2022-06-16 15:31:51.350+0530 [INFO]     User 104460996025306056612 authenticated with provider google
2022-06-16 15:31:51.363+0530 [DEBUG]    Sending user data eyJhbGciOiJSUzUxMiIsInR5cCI6IkpXVCIsImtpZCI6IjBjYTdkZGE3LTdkYTYtNDdmNS04OTMyLWJlZmZkOWQ1ZWFjNl9zaWdfcnM1MTIifQ.eyJpc3MiOiJ1bmRlZmluZWQvcG9zdGxvZ2luLmh0bSIsInN1YiI6IjEwNDQ2MDk5NjAyNTMwNjA1NjYxMiIsImF1ZCI6Imh0dHBzOi8vZ2x1dS5tYWxpLm9yZyIsImp0aSI6IjM4YmIyZmRmLTAyNDctNDhmNS05Zjc4LThlZGVjZWRjZjU2MCIsImV4cCI6MTY1NTM3Mzc0MS4zNTEsImlhdCI6MTY1NTM3MzcxMTM1MSwiZGF0YSI6Ii9kd09GKzZQbUhjVTRTSC93Y3Y1ZTBpYmJpWFdZZDBRK3VXbUNhdUVRa29QNkxlbWRPYzNaQkNCZy9PeUZEQkdPMmE1cEtFSjRNZmtZYTZuRXQxRnhGN2VVcUE0a0h3VmdETU5YMHkvMzRKMVkzYXdaV3dXK2xxY0VZTXMwdEI3cGpSNWpCaEZ6d0pnMVdqdGhWSGlnak53eDFzL1F5OXloVXYwRk5jWTAwaUJUbDg3OFV6ZVZIaVRCRDNFbjE0V0VyTnNEK2ZqUC9HMjcveGltVkFyYmtHUVVNeTVtYUhkIn0.ErSVb6doFRcUQ6TnRR7VsiYwjHuw4o51-VBZc35A9q4qN92OOykypM7o6BFUoGfPBMbMTmK4fHFPt5-rGaYNnB1Vo4UlYXTD0GoWmUVaUtn1zOhEwhxQ3yOpsGfBGYW5BNuEeaLjgmnRjI23vyJZCz-bLuDTEaMlNpMiDoOZxo06oMtxFXxUvMyK0ayJCcsuBYZ8nra7E3lElBK-g5PIsrqnH4_5MT4r5KybnaQdwSvCRWoG6cnXPQpsVCIhozmlc_J1b2Q0vBmSp0Ovcme_HX57e--AIjgTOAk0Wk2j0daVFlWGzx-amtCjcJpRJW4ddqCcA38P9H_Bb_gtcExxcw to: undefined/postlogin.htm
2022-06-16 15:31:51.369+0530 [INFO]     192.168.0.101 - GET /passport/auth/google/callback?state=sldXQBfC40cQ1D4wc8pQKtDP&code=4%2F0AX4XfWhOiTEGWpUisqmdI4EdGIYH6pfXrQaoV_2_gyh1oTDMh70vbghzl1UE-XhIpH5y-g&scope=email+profile+openid+https%3A%2F%2Fwww.googleapis.com%2Fauth%2Fuserinfo.email+https%3A%2F%2Fwww.googleapis.com%2Fauth%2Fuserinfo.profile&authuser=0&prompt=none HTTP/1.1 200 1603 - 503.484 ms
2022-06-16 15:31:51.588+0530 [INFO]     192.168.0.101 - POST /passport/auth/google/undefined/postlogin.htm HTTP/1.1 404 184 - 34.408 ms
2022-06-16 15:34:09.260+0530 [INFO]     Loggers reconfigured
2022-06-16 15:34:09.267+0530 [INFO]     Reconfiguring providers
2022-06-16 15:34:09.270+0530 [INFO]     Setting up strategy for provider p2-oidc
2022-06-16 15:34:09.271+0530 [DEBUG]    Provider data is
{
    "id": "p2-oidc",
    "displayName": "p2-oidc",
    "type": "openid-client",
    "mapping": "openid-client",
    "passportStrategyId": "openid-client",
    "enabled": true,
    "callbackUrl": "https: //gluu.mali.org/passport/auth/p2-oidc/callback",
    "requestForEmail": false,
    "emailLinkingSafe": false,
    "options": {
        "client_id": "xxxxxxxxxx-xxxxxxxx-xxxxxxx",
        "client_secret": "xxxxxxxxxxxxxxxxxxx",
        "scope": [
            "openid",
            "email",
            "profile"
        ],
        "issuer": "https: //p2.gluu.org",
        "token_endpoint_auth_method": "client_secret_post",
        "redirect_uris": [
            "https://gluu.mali.org/passport/auth/p2-oidc/callback"
        ]
    },
    "passportAuthnParams": {
        "scope": "openid email profile"
    },
    "verifyCallbackArity": 3
}
2022-06-16 15:34:09.271+0530 [INFO]     Loading node strategy module openid-client
2022-06-16 15:34:09.271+0530 [VERBOSE]  Adding to list of known strategies
2022-06-16 15:34:09.274+0530 [INFO]     Setting up strategy for provider google
2022-06-16 15:34:09.275+0530 [DEBUG]    Provider data is
{
    "id": "google",
    "displayName": "google",
    "type": "oauth",
    "mapping": "google",
    "passportStrategyId": "passport-google-oauth2",
    "enabled": true,
    "callbackUrl": "https://gluu.mali.org/passport/auth/google/callback",
    "requestForEmail": false,
    "emailLinkingSafe": false,
    "options": {
        "clientID": "248309610635-ijule410k1b34805a91uo64vnp70okhs.apps.googleusercontent.com",
        "clientSecret": "Fuzb79Qr11k5Ki1u3BsdJCg8",
        "callbackURL": "https://gluu.mali.org/passport/auth/google/callback",
        "consumerKey": "248309610635-ijule410k1b34805a91uo64vnp70okhs.apps.googleusercontent.com",
        "consumerSecret": "Fuzb79Qr11k5Ki1u3BsdJCg8",
        "state": true
    },
    "passportAuthnParams": {
        "scope": [
            "https://www.googleapis.com/auth/userinfo.profile",
            "https://www.googleapis.com/auth/userinfo.email"
        ]
    },
    "verifyCallbackArity": 4
}
2022-06-16 15:34:09.275+0530 [INFO]     Loading node strategy module passport-google-oauth2
2022-06-16 15:34:09.286+0530 [VERBOSE]  Adding to list of known strategies
2022-06-16 15:34:09.289+0530 [INFO]     Server listening on https://gluu.mali.org:8090
2022-06-16 15:34:09.289+0530 [DEBUG]    only valid absolute URLs can be requested
2022-06-16 15:34:09.289+0530 [DEBUG]    Failed to fetch config from https: //p2.gluu.org/.well-known/openid-configuration OpenID Connect Discovery endpoint, Going for manual setup
2022-06-16 15:34:09.291+0530 [DEBUG]    openid-client config: {"grant_types":["authorization_code"],"id_token_signed_response_alg":"RS256","authorization_signed_response_alg":"RS256","response_types":["code"],"token_endpoint_auth_method":"client_secret_post","client_id":"xxxxxxxxxx-xxxxxxxx-xxxxxxx","client_secret":"xxxxxxxxxxxxxxxxxxx","scope":["openid","email","profile"],"redirect_uris":["https://gluu.mali.org/passport/auth/p2-oidc/callback"]}
2022-06-16 15:34:26.767+0530 [VERBOSE]  Issuing token
2022-06-16 15:34:26.779+0530 [INFO]     192.168.0.101 - GET /passport/token HTTP/1.1 200 201 - 11.252 ms
2022-06-16 15:34:26.789+0530 [VERBOSE]  Validating token
2022-06-16 15:34:26.793+0530 [VERBOSE]  Authenticating request against google
2022-06-16 15:34:26.797+0530 [INFO]     192.168.0.101 - GET /passport/auth/google/eyJhbGciOiJIUzI1NiIsInR5cCI6IkpXVCJ9.eyJqd3QiOiIxMDNhZWI0Yi0yOGM4LTQ2NDgtOTM3ZC0xNzA2YzBjMTAzNzEiLCJpYXQiOjE2NTUzNzM4NjYsImV4cCI6MTY1NTM3Mzk4Nn0.VdZta1dWNP29EtKJrqTLr8TaoiWktVdYMUvIEmPshwQ HTTP/1.1 302 0 - 10.748 ms
2022-06-16 15:34:30.557+0530 [VERBOSE]  Authenticating request against google
2022-06-16 15:34:31.083+0530 [DEBUG]    Raw profile is {"provider":"google","sub":"104460996025306056612","id":"104460996025306056612","displayName":"Kiran Mali","name":{"givenName":"Kiran","familyName":"Mali"},"given_name":"Kiran","family_name":"Mali","email_verified":true,"verified":true,"language":"en","email":"kdhttps@gmail.com","emails":[{"value":"kdhttps@gmail.com","type":"account"}],"photos":[{"value":"https://lh3.googleusercontent.com/a-/AOh14GjvQHa3BgVNjtUo1PS2VHfw34DGXuE4kglKR7ImJQ=s96-c","type":"default"}],"picture":"https://lh3.googleusercontent.com/a-/AOh14GjvQHa3BgVNjtUo1PS2VHfw34DGXuE4kglKR7ImJQ=s96-c","_raw":"{\n  \"sub\": \"104460996025306056612\",\n  \"name\": \"Kiran Mali\",\n  \"given_name\": \"Kiran\",\n  \"family_name\": \"Mali\",\n  \"picture\": \"https://lh3.googleusercontent.com/a-/AOh14GjvQHa3BgVNjtUo1PS2VHfw34DGXuE4kglKR7ImJQ\\u003ds96-c\",\n  \"email\": \"kdhttps@gmail.com\",\n  \"email_verified\": true,\n  \"locale\": \"en\"\n}","_json":{"sub":"104460996025306056612","name":"Kiran Mali","given_name":"Kiran","family_name":"Mali","picture":"https://lh3.googleusercontent.com/a-/AOh14GjvQHa3BgVNjtUo1PS2VHfw34DGXuE4kglKR7ImJQ=s96-c","email":"kdhttps@gmail.com","email_verified":true,"locale":"en"},"providerKey":"google"}
2022-06-16 15:34:31.083+0530 [INFO]     Applying mapping 'google' to profile
2022-06-16 15:34:31.086+0530 [DEBUG]    Resulting profile data is
{
    "uid": "104460996025306056612",
    "mail": "kdhttps@gmail.com",
    "cn": "Kiran Mali",
    "displayName": "Kiran Mali",
    "givenName": "Kiran",
    "sn": "Mali"
}
2022-06-16 15:34:31.087+0530 [INFO]     post url: undefined/postlogin.htm
2022-06-16 15:34:31.088+0530 [INFO]     User 104460996025306056612 authenticated with provider google
2022-06-16 15:34:31.102+0530 [DEBUG]    Sending user data eyJhbGciOiJSUzUxMiIsInR5cCI6IkpXVCIsImtpZCI6IjBjYTdkZGE3LTdkYTYtNDdmNS04OTMyLWJlZmZkOWQ1ZWFjNl9zaWdfcnM1MTIifQ.eyJpc3MiOiJ1bmRlZmluZWQvcG9zdGxvZ2luLmh0bSIsInN1YiI6IjEwNDQ2MDk5NjAyNTMwNjA1NjYxMiIsImF1ZCI6Imh0dHBzOi8vZ2x1dS5tYWxpLm9yZyIsImp0aSI6IjMwMzUyNTdkLTkzMDgtNDEzMi1iZWFhLWJmNmJiOWNmODk2NyIsImV4cCI6MTY1NTM3MzkwMS4wODksImlhdCI6MTY1NTM3Mzg3MTA4OSwiZGF0YSI6Ii9kd09GKzZQbUhjVTRTSC93Y3Y1ZTBpYmJpWFdZZDBRK3VXbUNhdUVRa29QNkxlbWRPYzNaQkNCZy9PeUZEQkdPMmE1cEtFSjRNZmtZYTZuRXQxRnhGN2VVcUE0a0h3VmdETU5YMHkvMzRKMVkzYXdaV3dXK2xxY0VZTXMwdEI3cGpSNWpCaEZ6d0pnMVdqdGhWSGlnak53eDFzL1F5OXloVXYwRk5jWTAwaUJUbDg3OFV6ZVZIaVRCRDNFbjE0V0VyTnNEK2ZqUC9HMjcveGltVkFyYmtHUVVNeTVtYUhkIn0.pYTNFltswfa4fUy8DhNYGmlH1a3cVk2Z8koRJ_A56e2FgLLzxwn_8a81rJh4um9fuFe9FtmOzI78P-eb6HDgQuBA7Az3oN8Jm0iJ0Dn1KVA3rDvcKAS2Gaf32uUQH6NR1SZunJvvJrnmcwuNinCsmxUTt0v3blsqRlg4RzqDTcJVrjax49Uudv8QuJd-FCQaRwin5cC_eMSy7h93zdwNAbWHXXbsiM5VRUTFXkrw6JMCN_dLtCwj9tWBC3RBpDFDteYk4gqVrmswRUNrMJsuGrIbbYaldM7_hFnAMcnVgKUKZMSjHQ5vu7wKNTzOQKlRXCFcWqE8n22YhN72wWgttw to: undefined/postlogin.htm
2022-06-16 15:34:31.108+0530 [INFO]     192.168.0.101 - GET /passport/auth/google/callback?state=CBramAV1bpBfllO69lJdNOo9&code=4%2F0AX4XfWjh23I9vpGNpfwJsvd73YVYsVC3FJdJ5uD2iW2gZORS-cJa1-D-GTIPY7azh1-LuQ&scope=email+profile+openid+https%3A%2F%2Fwww.googleapis.com%2Fauth%2Fuserinfo.email+https%3A%2F%2Fwww.googleapis.com%2Fauth%2Fuserinfo.profile&authuser=0&prompt=none HTTP/1.1 200 1603 - 552.049 ms
2022-06-16 15:34:31.442+0530 [INFO]     192.168.0.101 - POST /passport/auth/google/undefined/postlogin.htm HTTP/1.1 404 184 - 30.124 ms
2022-06-16 15:36:23.009+0530 [INFO]     Loggers reconfigured
2022-06-16 15:36:23.014+0530 [INFO]     Reconfiguring providers
2022-06-16 15:36:23.016+0530 [INFO]     Setting up strategy for provider p2-oidc
2022-06-16 15:36:23.016+0530 [DEBUG]    Provider data is
{
    "id": "p2-oidc",
    "displayName": "p2-oidc",
    "type": "openid-client",
    "mapping": "openid-client",
    "passportStrategyId": "openid-client",
    "enabled": true,
    "callbackUrl": "https: //gluu.mali.org/passport/auth/p2-oidc/callback",
    "requestForEmail": false,
    "emailLinkingSafe": false,
    "options": {
        "client_id": "xxxxxxxxxx-xxxxxxxx-xxxxxxx",
        "client_secret": "xxxxxxxxxxxxxxxxxxx",
        "scope": [
            "openid",
            "email",
            "profile"
        ],
        "issuer": "https: //p2.gluu.org",
        "token_endpoint_auth_method": "client_secret_post",
        "redirect_uris": [
            "https://gluu.mali.org/passport/auth/p2-oidc/callback"
        ]
    },
    "passportAuthnParams": {
        "scope": "openid email profile"
    },
    "verifyCallbackArity": 3
}
2022-06-16 15:36:23.016+0530 [INFO]     Loading node strategy module openid-client
2022-06-16 15:36:23.016+0530 [VERBOSE]  Adding to list of known strategies
2022-06-16 15:36:23.019+0530 [INFO]     Setting up strategy for provider google
2022-06-16 15:36:23.019+0530 [DEBUG]    Provider data is
{
    "id": "google",
    "displayName": "google",
    "type": "oauth",
    "mapping": "google",
    "passportStrategyId": "passport-google-oauth2",
    "enabled": true,
    "callbackUrl": "https://gluu.mali.org/passport/auth/google/callback",
    "requestForEmail": false,
    "emailLinkingSafe": false,
    "options": {
        "clientID": "248309610635-ijule410k1b34805a91uo64vnp70okhs.apps.googleusercontent.com",
        "clientSecret": "Fuzb79Qr11k5Ki1u3BsdJCg8",
        "callbackURL": "https://gluu.mali.org/passport/auth/google/callback",
        "consumerKey": "248309610635-ijule410k1b34805a91uo64vnp70okhs.apps.googleusercontent.com",
        "consumerSecret": "Fuzb79Qr11k5Ki1u3BsdJCg8",
        "state": true
    },
    "passportAuthnParams": {
        "scope": [
            "https://www.googleapis.com/auth/userinfo.profile",
            "https://www.googleapis.com/auth/userinfo.email"
        ]
    },
    "verifyCallbackArity": 4
}
2022-06-16 15:36:23.019+0530 [INFO]     Loading node strategy module passport-google-oauth2
2022-06-16 15:36:23.029+0530 [VERBOSE]  Adding to list of known strategies
2022-06-16 15:36:23.033+0530 [INFO]     Server listening on https://gluu.mali.org:8090
2022-06-16 15:36:23.033+0530 [DEBUG]    only valid absolute URLs can be requested
2022-06-16 15:36:23.034+0530 [DEBUG]    Failed to fetch config from https: //p2.gluu.org/.well-known/openid-configuration OpenID Connect Discovery endpoint, Going for manual setup
2022-06-16 15:36:23.036+0530 [DEBUG]    openid-client config: {"grant_types":["authorization_code"],"id_token_signed_response_alg":"RS256","authorization_signed_response_alg":"RS256","response_types":["code"],"token_endpoint_auth_method":"client_secret_post","client_id":"xxxxxxxxxx-xxxxxxxx-xxxxxxx","client_secret":"xxxxxxxxxxxxxxxxxxx","scope":["openid","email","profile"],"redirect_uris":["https://gluu.mali.org/passport/auth/p2-oidc/callback"]}
2022-06-16 15:36:40.708+0530 [VERBOSE]  Issuing token
2022-06-16 15:36:40.720+0530 [INFO]     192.168.0.101 - GET /passport/token HTTP/1.1 200 201 - 13.911 ms
2022-06-16 15:36:40.725+0530 [VERBOSE]  Validating token
2022-06-16 15:36:40.728+0530 [VERBOSE]  Authenticating request against google
2022-06-16 15:36:40.733+0530 [INFO]     192.168.0.101 - GET /passport/auth/google/eyJhbGciOiJIUzI1NiIsInR5cCI6IkpXVCJ9.eyJqd3QiOiI5NWFkMGFkMi1lYmM3LTRmNmUtYTlmOS1mZTBjNWUyYzAzN2IiLCJpYXQiOjE2NTUzNzQwMDAsImV4cCI6MTY1NTM3NDEyMH0.Y0YuWfbvhv1EDP4-YyLQPgdi6LfA0FpBrvXAxuN1Lys HTTP/1.1 302 0 - 9.187 ms
2022-06-16 15:36:48.530+0530 [VERBOSE]  Authenticating request against google
2022-06-16 15:36:52.297+0530 [DEBUG]    Raw profile is {"provider":"google","sub":"104460996025306056612","id":"104460996025306056612","displayName":"Kiran Mali","name":{"givenName":"Kiran","familyName":"Mali"},"given_name":"Kiran","family_name":"Mali","email_verified":true,"verified":true,"language":"en","email":"kdhttps@gmail.com","emails":[{"value":"kdhttps@gmail.com","type":"account"}],"photos":[{"value":"https://lh3.googleusercontent.com/a-/AOh14GjvQHa3BgVNjtUo1PS2VHfw34DGXuE4kglKR7ImJQ=s96-c","type":"default"}],"picture":"https://lh3.googleusercontent.com/a-/AOh14GjvQHa3BgVNjtUo1PS2VHfw34DGXuE4kglKR7ImJQ=s96-c","_raw":"{\n  \"sub\": \"104460996025306056612\",\n  \"name\": \"Kiran Mali\",\n  \"given_name\": \"Kiran\",\n  \"family_name\": \"Mali\",\n  \"picture\": \"https://lh3.googleusercontent.com/a-/AOh14GjvQHa3BgVNjtUo1PS2VHfw34DGXuE4kglKR7ImJQ\\u003ds96-c\",\n  \"email\": \"kdhttps@gmail.com\",\n  \"email_verified\": true,\n  \"locale\": \"en\"\n}","_json":{"sub":"104460996025306056612","name":"Kiran Mali","given_name":"Kiran","family_name":"Mali","picture":"https://lh3.googleusercontent.com/a-/AOh14GjvQHa3BgVNjtUo1PS2VHfw34DGXuE4kglKR7ImJQ=s96-c","email":"kdhttps@gmail.com","email_verified":true,"locale":"en"},"providerKey":"google"}
2022-06-16 15:36:52.298+0530 [INFO]     Applying mapping 'google' to profile
2022-06-16 15:36:52.300+0530 [DEBUG]    Resulting profile data is
{
    "uid": "104460996025306056612",
    "mail": "kdhttps@gmail.com",
    "cn": "Kiran Mali",
    "displayName": "Kiran Mali",
    "givenName": "Kiran",
    "sn": "Mali"
}
2022-06-16 15:36:52.301+0530 [INFO]     post url: https://gluu.mali.org/oxauth/postlogin.htm
2022-06-16 15:36:52.301+0530 [INFO]     User 104460996025306056612 authenticated with provider google
2022-06-16 15:36:52.315+0530 [DEBUG]    Sending user data eyJhbGciOiJSUzUxMiIsInR5cCI6IkpXVCIsImtpZCI6IjBjYTdkZGE3LTdkYTYtNDdmNS04OTMyLWJlZmZkOWQ1ZWFjNl9zaWdfcnM1MTIifQ.eyJpc3MiOiJodHRwczovL2dsdXUubWFsaS5vcmcvb3hhdXRoL3Bvc3Rsb2dpbi5odG0iLCJzdWIiOiIxMDQ0NjA5OTYwMjUzMDYwNTY2MTIiLCJhdWQiOiJodHRwczovL2dsdXUubWFsaS5vcmciLCJqdGkiOiJjN2M2ZmM0MC0yYjZhLTQyYTgtOGM4NC1iOWMzMDk1N2E0Y2MiLCJleHAiOjE2NTUzNzQwNDIuMzAyLCJpYXQiOjE2NTUzNzQwMTIzMDIsImRhdGEiOiIvZHdPRis2UG1IY1U0U0gvd2N2NWUwaWJiaVhXWWQwUSt1V21DYXVFUWtvUDZMZW1kT2MzWkJDQmcvT3lGREJHTzJhNXBLRUo0TWZrWWE2bkV0MUZ4RjdlVXFBNGtId1ZnRE1OWDB5LzM0SjFZM2F3Wld3VytscWNFWU1zMHRCN3BqUjVqQmhGendKZzFXanRoVkhpZ2pOd3gxcy9ReTl5aFV2MEZOY1kwMGlCVGw4NzhVemVWSGlUQkQzRW4xNFdFck5zRCtmalAvRzI3L3hpbVZBcmJrR1FVTXk1bWFIZCJ9.sxpkOueQr5noHRrojCM6hCBDHHKJuDkAbgoV3sV2ZzJn4Q6cpceO8mk9G2acdC14RobMNu2jl_RdHOPN7NDXF2pt23r6BsGl-AhjhLmLw2Se9hdgfJGlgH2JuK4HWx-V0mpTtUIiCFpEnoAHJagnVbDxB3hP2SMoekuUaZxXPuR9ipqtdlekXrpS-6HMfgJa18ucyXnU1TiV-1PEVvKtHAPQ__o3GpMNlQEvw7ZXUfrQUb4zs4AfMKKbUBIq5YAFxKRnxN9PT-Ox8Qm7NW5UT-1PaIIL88NNyg1mBl5BryYEbDHC05-o0TyjcY6PT20K884rdyp-D-sFalq8o5n8Hg to: https://gluu.mali.org/oxauth/postlogin.htm
2022-06-16 15:36:52.320+0530 [INFO]     192.168.0.101 - GET /passport/auth/google/callback?state=GDCJHgrN6A6xoM0PBJW3DMuU&code=4%2F0AX4XfWgG0tNL948qUKq0duafyGkFyWWqhFWeZ7eggJQYWvDr2XZLiq5RVYVl37bFsQlLcw&scope=email+profile+openid+https%3A%2F%2Fwww.googleapis.com%2Fauth%2Fuserinfo.email+https%3A%2F%2Fwww.googleapis.com%2Fauth%2Fuserinfo.profile&authuser=0&prompt=none HTTP/1.1 200 1647 - 3789.583 ms
2022-06-16 15:52:05.539+0530 [VERBOSE]  Issuing token
2022-06-16 15:52:05.545+0530 [INFO]     192.168.0.101 - GET /passport/token HTTP/1.1 200 201 - 5.361 ms
2022-06-16 15:52:05.552+0530 [VERBOSE]  Validating token
2022-06-16 15:52:05.554+0530 [VERBOSE]  Authenticating request against google
2022-06-16 15:52:05.557+0530 [INFO]     192.168.0.101 - GET /passport/auth/google/eyJhbGciOiJIUzI1NiIsInR5cCI6IkpXVCJ9.eyJqd3QiOiJiMjI2OGUyOC1kZWViLTQ4NzQtODhjMi01ZjljOTM3OWE3NTYiLCJpYXQiOjE2NTUzNzQ5MjUsImV4cCI6MTY1NTM3NTA0NX0.9M89BUPQvNbn4eben-9x68rcKsce5iTxWqiZbBVE0QM HTTP/1.1 302 0 - 5.282 ms
2022-06-16 15:52:08.889+0530 [VERBOSE]  Authenticating request against google
2022-06-16 15:52:09.298+0530 [DEBUG]    Raw profile is {"provider":"google","sub":"104460996025306056612","id":"104460996025306056612","displayName":"Kiran Mali","name":{"givenName":"Kiran","familyName":"Mali"},"given_name":"Kiran","family_name":"Mali","email_verified":true,"verified":true,"language":"en","email":"kdhttps@gmail.com","emails":[{"value":"kdhttps@gmail.com","type":"account"}],"photos":[{"value":"https://lh3.googleusercontent.com/a-/AOh14GjvQHa3BgVNjtUo1PS2VHfw34DGXuE4kglKR7ImJQ=s96-c","type":"default"}],"picture":"https://lh3.googleusercontent.com/a-/AOh14GjvQHa3BgVNjtUo1PS2VHfw34DGXuE4kglKR7ImJQ=s96-c","_raw":"{\n  \"sub\": \"104460996025306056612\",\n  \"name\": \"Kiran Mali\",\n  \"given_name\": \"Kiran\",\n  \"family_name\": \"Mali\",\n  \"picture\": \"https://lh3.googleusercontent.com/a-/AOh14GjvQHa3BgVNjtUo1PS2VHfw34DGXuE4kglKR7ImJQ\\u003ds96-c\",\n  \"email\": \"kdhttps@gmail.com\",\n  \"email_verified\": true,\n  \"locale\": \"en\"\n}","_json":{"sub":"104460996025306056612","name":"Kiran Mali","given_name":"Kiran","family_name":"Mali","picture":"https://lh3.googleusercontent.com/a-/AOh14GjvQHa3BgVNjtUo1PS2VHfw34DGXuE4kglKR7ImJQ=s96-c","email":"kdhttps@gmail.com","email_verified":true,"locale":"en"},"providerKey":"google"}
2022-06-16 15:52:09.299+0530 [INFO]     Applying mapping 'google' to profile
2022-06-16 15:52:09.300+0530 [DEBUG]    Resulting profile data is
{
    "uid": "104460996025306056612",
    "mail": "kdhttps@gmail.com",
    "cn": "Kiran Mali",
    "displayName": "Kiran Mali",
    "givenName": "Kiran",
    "sn": "Mali"
}
2022-06-16 15:52:09.300+0530 [INFO]     post url: https://gluu.mali.org/oxauth/postlogin.htm
2022-06-16 15:52:09.301+0530 [INFO]     User 104460996025306056612 authenticated with provider google
2022-06-16 15:52:09.307+0530 [DEBUG]    Sending user data eyJhbGciOiJSUzUxMiIsInR5cCI6IkpXVCIsImtpZCI6IjBjYTdkZGE3LTdkYTYtNDdmNS04OTMyLWJlZmZkOWQ1ZWFjNl9zaWdfcnM1MTIifQ.eyJpc3MiOiJodHRwczovL2dsdXUubWFsaS5vcmcvb3hhdXRoL3Bvc3Rsb2dpbi5odG0iLCJzdWIiOiIxMDQ0NjA5OTYwMjUzMDYwNTY2MTIiLCJhdWQiOiJodHRwczovL2dsdXUubWFsaS5vcmciLCJqdGkiOiJiYWU1ZjA3NC1kZWEyLTRkNjMtYTczYy1jYzQxYTA1ZDNjNGMiLCJleHAiOjE2NTUzNzQ5NTkuMzAxLCJpYXQiOjE2NTUzNzQ5MjkzMDEsImRhdGEiOiIvZHdPRis2UG1IY1U0U0gvd2N2NWUwaWJiaVhXWWQwUSt1V21DYXVFUWtvUDZMZW1kT2MzWkJDQmcvT3lGREJHTzJhNXBLRUo0TWZrWWE2bkV0MUZ4RjdlVXFBNGtId1ZnRE1OWDB5LzM0SjFZM2F3Wld3VytscWNFWU1zMHRCN3BqUjVqQmhGendKZzFXanRoVkhpZ2pOd3gxcy9ReTl5aFV2MEZOY1kwMGlCVGw4NzhVemVWSGlUQkQzRW4xNFdFck5zRCtmalAvRzI3L3hpbVZBcmJrR1FVTXk1bWFIZCJ9.IypoP2z1BfWG5pRh_y6rZn40qgi7P9cMSvAmipI7goi8uzJZsFuorbsub0EoBwK8_1ZTALQZQ7hfKYERidkZNU_5GKcqdYrinqicJBVaZwxamVQly8kITCpdpZrW03ev8vUvMjUcWIrmpqZVuVtB3XY8cKJpRCgmOr8psZrDOg8FzgKw0Ig3CX7ej9O4eScZ-ABIpwVCHvRXuOdCkgdpxKD97Hatx4CPTWQb5YJObzkrAiC8RR0igvLZF9-aJ5IxbiN8dbyWWTnD-oEZnhx4ghhQyB23Jw6Ft6ZV1HDOtzHhSxq6YMOrlG1ZFPk7cDbPgJp9tqwrjDNFqLRGYE7j8g to: https://gluu.mali.org/oxauth/postlogin.htm
2022-06-16 15:52:09.313+0530 [INFO]     192.168.0.101 - GET /passport/auth/google/callback?state=eGIJVlZTP3bQOUk8dcUnA7oF&code=4%2F0AX4XfWgWUqR86CArUmLKh_ZXXBcACfPt5ioHn3lXfZNY3bOnpD2pCUIiJx4z4irjKFt-fA&scope=email+profile+openid+https%3A%2F%2Fwww.googleapis.com%2Fauth%2Fuserinfo.email+https%3A%2F%2Fwww.googleapis.com%2Fauth%2Fuserinfo.profile&authuser=0&prompt=none HTTP/1.1 200 1647 - 424.239 ms
